Starting migrations...
======================
> Network name:    'develop'
> Network id:      5777
> Block gas limit: 6721975 (0x6691b7)


1_initial_migration.js
======================

   Deploying 'Migrations'
   ----------------------
   > transaction hash:    0xbeb6b18671a9b4e3e83428e6635584d5142e239bd826ce6e6b2d283140596700
   > Blocks: 0            Seconds: 0
   > contract address:    0x8fDff122b446660B85F757e7aDc0D63feb41dcA8
   > block number:        3
   > block timestamp:     1593096197
   > account:             0x5E1e93B6D25690B7A26d70468f81d5b6441885c4
   > balance:             99.99135606
   > gas used:            225453 (0x370ad)
   > gas price:           20 gwei
   > value sent:          0 ETH
   > total cost:          0.00450906 ETH


   > Saving migration to chain.
   > Saving artifacts
   -------------------------------------
   > Total cost:          0.00450906 ETH
