2_caller.js
===========

   Deploying 'Called'
   ------------------
   > transaction hash:    0x9bb07c537bc82f62b1c3c42ad41fcb67ccc95c9a0361c65022743e8a9ad7fd40
   > Blocks: 0            Seconds: 0
   > contract address:    0x174BFc07acE7DC6dC50667cF5707140AAeBEB29A
   > block number:        5
   > block timestamp:     1593096198
   > account:             0x5E1e93B6D25690B7A26d70468f81d5b6441885c4
   > balance:             99.98807082
   > gas used:            121899 (0x1dc2b)
   > gas price:           20 gwei
   > value sent:          0 ETH
   > total cost:          0.00243798 ETH


   Deploying 'CalledLibrary'
   -------------------------
   > transaction hash:    0x28725444d249f9cd8f3277f1d2d90e7a6788d085bff8f9a33e12ee5cf079878e
   > Blocks: 0            Seconds: 0
   > contract address:    0x0d0a407ed2D2D1660602B46C5d968B08e919bBb4
   > block number:        6
   > block timestamp:     1593096198
   > account:             0x5E1e93B6D25690B7A26d70468f81d5b6441885c4
   > balance:             99.98553574
   > gas used:            126754 (0x1ef22)
   > gas price:           20 gwei
   > value sent:          0 ETH
   > total cost:          0.00253508 ETH


   Linking
   -------
   * Contract: Caller <--> Library: CalledLibrary (at address: 0x0d0a407ed2D2D1660602B46C5d968B08e919bBb4)

   Deploying 'Caller'
   ------------------
   > transaction hash:    0xb2e9457adda3716b7227323a4ab54252827c6856b426a4a50b6b302f4744f791
   > Blocks: 0            Seconds: 0
   > contract address:    0x2Dd242dcdedfe5c02c64500d5d0A372CbCcCC04B
   > block number:        7
   > block timestamp:     1593096198
   > account:             0x5E1e93B6D25690B7A26d70468f81d5b6441885c4
   > balance:             99.98012524
   > gas used:            270525 (0x420bd)
   > gas price:           20 gwei
   > value sent:          0 ETH
   > total cost:          0.0054105 ETH


   > Saving migration to chain.
   > Saving artifacts
   -------------------------------------
   > Total cost:          0.01038356 ETH


Summary
=======
> Total deployments:   4
> Final cost:          0.01489262 ETH
