Starting migrations...
======================
> Network name:    'develop'
> Network id:      5777
> Block gas limit: 6721975 (0x6691b7)


1_initial_migration.js
======================

   Deploying 'Migrations'
   ----------------------
   > transaction hash:    0xb0f69c331681495584cf19768dad167499f538a55c4e0fcc7aa8cf3ec5ac43c0
   > Blocks: 0            Seconds: 0
   > contract address:    0x807e83d7636892026EFb75bb0533e222c95D26EA
   > block number:        1
   > block timestamp:     1592492857
   > account:             0x5E1e93B6D25690B7A26d70468f81d5b6441885c4
   > balance:             99.99671194
   > gas used:            164403 (0x28233)
   > gas price:           20 gwei
   > value sent:          0 ETH
   > total cost:          0.00328806 ETH


   > Saving migration to chain.
   > Saving artifacts
   -------------------------------------
   > Total cost:          0.00328806 ETH


Summary
=======
> Total deployments:   1
> Final cost:          0.00328806 ETH
