Starting migrations...
======================
> Network name:    'develop'
> Network id:      5777
> Block gas limit: 6721975 (0x6691b7)


2_deploy_faucet5.js
===================

   Deploying 'Faucet5'
   -------------------
   > transaction hash:    0x677adf765f700d3d21e88b99cfc17b6870897ca9922a62cdfe3b431865da0b59
   > Blocks: 0            Seconds: 0
   > contract address:    0x8fDff122b446660B85F757e7aDc0D63feb41dcA8
   > block number:        3
   > block timestamp:     1592493211
   > account:             0x5E1e93B6D25690B7A26d70468f81d5b6441885c4
   > balance:             99.98999836
   > gas used:            293338 (0x479da)
   > gas price:           20 gwei
   > value sent:          0 ETH
   > total cost:          0.00586676 ETH


   > Saving migration to chain.
   > Saving artifacts
   -------------------------------------
   > Total cost:          0.00586676 ETH


Summary
=======
> Total deployments:   1
> Final cost:          0.00586676 ETH
