truffle(develop)> web3.eth.getAccounts()
[
  '0x5E1e93B6D25690B7A26d70468f81d5b6441885c4',
  '0xD240B10384Ff5de7d49878Bd0B801b7849dDe53a',
  '0x68269dB36c37A98886FE61407244D787A18c0449',
  '0x49CfC8F12d27DA6dd5E898cd888657B1d02dA6Df',
  '0x2E2043Ad39fcA4428225a20BBe64cF33237f464c',
  '0x8323a247b7Df9Cd5b36F83C27406eA85F2D9D233',
  '0x791B15c8F78C36fE3Ff17DE1f410cd0ab865cE49',
  '0xD7d41e8998D6D3a342eC4d716c1d24395Add9e8e',
  '0xb7fa869Bb17591889c837563Ce50b094242d2C07',
  '0xE3Bb2D254D863a07B3e19cD39064c9DC0d8c2658'
]

truffle(develop)> Called.address
'0x8fDff122b446660B85F757e7aDc0D63feb41dcA8'

truffle(develop)> CalledLibrary.address
'0xfF3b4CeD5ebB80b3C77D03bFBFD9Fd56c6ec6585'

truffle(develop)> Caller.address
'0x174BFc07acE7DC6dC50667cF5707140AAeBEB29A'

truffle(develop)> Caller.deployed().then( i => { callerDeployed = i })

truffle(develop)> callerDeployed.makeCalls(Called.address).then(res => {res.logs.forEach(log => console.log(log.args))})
Result {
  '0': '0x174BFc07acE7DC6dC50667cF5707140AAeBEB29A',
  '1': '0x5E1e93B6D25690B7A26d70468f81d5b6441885c4',
  '2': '0x8fDff122b446660B85F757e7aDc0D63feb41dcA8',
  __length__: 3,
  sender: '0x174BFc07acE7DC6dC50667cF5707140AAeBEB29A',
  origin: '0x5E1e93B6D25690B7A26d70468f81d5b6441885c4',
  from: '0x8fDff122b446660B85F757e7aDc0D63feb41dcA8'
}
Result {
  '0': '0x5E1e93B6D25690B7A26d70468f81d5b6441885c4',
  '1': '0x5E1e93B6D25690B7A26d70468f81d5b6441885c4',
  '2': '0x174BFc07acE7DC6dC50667cF5707140AAeBEB29A',
  __length__: 3,
  sender: '0x5E1e93B6D25690B7A26d70468f81d5b6441885c4',
  origin: '0x5E1e93B6D25690B7A26d70468f81d5b6441885c4',
  from: '0x174BFc07acE7DC6dC50667cF5707140AAeBEB29A'
}
Result {
  '0': '0x174BFc07acE7DC6dC50667cF5707140AAeBEB29A',
  '1': '0x5E1e93B6D25690B7A26d70468f81d5b6441885c4',
  '2': '0x8fDff122b446660B85F757e7aDc0D63feb41dcA8',
  __length__: 3,
  sender: '0x174BFc07acE7DC6dC50667cF5707140AAeBEB29A',
  origin: '0x5E1e93B6D25690B7A26d70468f81d5b6441885c4',
  from: '0x8fDff122b446660B85F757e7aDc0D63feb41dcA8'
}
Result {
  '0': '0x5E1e93B6D25690B7A26d70468f81d5b6441885c4',
  '1': true,
  '2': null,
  __length__: 3,
  sender: '0x5E1e93B6D25690B7A26d70468f81d5b6441885c4',
  success: true,
  response: null
}
Result {
  '0': '0x5E1e93B6D25690B7A26d70468f81d5b6441885c4',
  '1': '0x5E1e93B6D25690B7A26d70468f81d5b6441885c4',
  '2': '0x174BFc07acE7DC6dC50667cF5707140AAeBEB29A',
  __length__: 3,
  sender: '0x5E1e93B6D25690B7A26d70468f81d5b6441885c4',
  origin: '0x5E1e93B6D25690B7A26d70468f81d5b6441885c4',
  from: '0x174BFc07acE7DC6dC50667cF5707140AAeBEB29A'
}
Result {
  '0': '0x5E1e93B6D25690B7A26d70468f81d5b6441885c4',
  '1': true,
  '2': null,
  __length__: 3,
  sender: '0x5E1e93B6D25690B7A26d70468f81d5b6441885c4',
  success: true,
  response: null
}
