truffle(develop)> Faucet5.deployed().then(i => {FaucetDeployed = i})
truffle(develop)> FaucetDeployed.send(web3.utils.toWei("1", "ether")).then(res => {console.log(res.logs[0].event, res.logs[0].args)})
Deposit Result {
  '0': '0x5E1e93B6D25690B7A26d70468f81d5b6441885c4',
  '1': BN {
    negative: 0,
    words: [ 56885248, 2993385, 222, <1 empty item> ],
    length: 3,
    red: null
  },
  __length__: 2,
  from: '0x5E1e93B6D25690B7A26d70468f81d5b6441885c4',
  amount: BN {
    negative: 0,
    words: [ 56885248, 2993385, 222, <1 empty item> ],
    length: 3,
    red: null
  }
}
undefined
truffle(develop)> FaucetDeployed.withdraw(web3.utils.toWei("0.1", "ether")).then(res => {console.log(res.logs[0].event, res.logs[0].args)})
Withdrawal Result {
  '0': '0x5E1e93B6D25690B7A26d70468f81d5b6441885c4',
  '1': BN {
    negative: 0,
    words: [ 25821184, 13721111, 22, <1 empty item> ],
    length: 3,
    red: null
  },
  __length__: 2,
  to: '0x5E1e93B6D25690B7A26d70468f81d5b6441885c4',
  amount: BN {
    negative: 0,
    words: [ 25821184, 13721111, 22, <1 empty item> ],
    length: 3,
    red: null
  }
}
